This is pdfTeX, Version 3.14159265-2.6-1.40.16 (TeX Live 2015/W32TeX) (preloaded format=pdflatex 2016.3.3)  26 APR 2020 00:50
entering extended mode
 restricted \write18 enabled.
 %&-line parsing enabled.
**./ASPDAC.tex
(./ASPDAC.tex
LaTeX2e <2016/02/01>
Babel <3.9q> and hyphenation patterns for 81 language(s) loaded.
(c:/texlive/2015/texmf-dist/tex/latex/base/article.cls
Document Class: article 2014/09/29 v1.4h Standard LaTeX document class
(c:/texlive/2015/texmf-dist/tex/latex/base/size10.clo
File: size10.clo 2014/09/29 v1.4h Standard LaTeX file (size option)
)
\c@part=\count79
\c@section=\count80
\c@subsection=\count81
\c@subsubsection=\count82
\c@paragraph=\count83
\c@subparagraph=\count84
\c@figure=\count85
\c@table=\count86
\abovecaptionskip=\skip41
\belowcaptionskip=\skip42
\bibindent=\dimen102
)
(c:/texlive/2015/texmf-dist/tex/latex/cite/cite.sty
LaTeX Info: Redefining \cite on input line 302.
LaTeX Info: Redefining \nocite on input line 332.
Package: cite 2015/02/27  v 5.5
)
(c:/texlive/2015/texmf-dist/tex/latex/graphics/graphicx.sty
Package: graphicx 2014/10/28 v1.0g Enhanced LaTeX Graphics (DPC,SPQR)

(c:/texlive/2015/texmf-dist/tex/latex/graphics/keyval.sty
Package: keyval 2014/10/28 v1.15 key=value parser (DPC)
\KV@toks@=\toks14
)
(c:/texlive/2015/texmf-dist/tex/latex/graphics/graphics.sty
Package: graphics 2016/01/03 v1.0q Standard LaTeX Graphics (DPC,SPQR)

(c:/texlive/2015/texmf-dist/tex/latex/graphics/trig.sty
Package: trig 2016/01/03 v1.10 sin cos tan (DPC)
)
(c:/texlive/2015/texmf-dist/tex/latex/latexconfig/graphics.cfg
File: graphics.cfg 2010/04/23 v1.9 graphics configuration of TeX Live
)
Package graphics Info: Driver file: pdftex.def on input line 95.

(c:/texlive/2015/texmf-dist/tex/latex/pdftex-def/pdftex.def
File: pdftex.def 2011/05/27 v0.06d Graphics/color for pdfTeX

(c:/texlive/2015/texmf-dist/tex/generic/oberdiek/infwarerr.sty
Package: infwarerr 2010/04/08 v1.3 Providing info/warning/error messages (HO)
)
(c:/texlive/2015/texmf-dist/tex/generic/oberdiek/ltxcmds.sty
Package: ltxcmds 2011/11/09 v1.22 LaTeX kernel commands for general use (HO)
)
\Gread@gobject=\count87
))
\Gin@req@height=\dimen103
\Gin@req@width=\dimen104
)
(c:/texlive/2015/texmf-dist/tex/latex/algorithms/algorithmic.sty
Package: algorithmic 2009/08/24 v0.1 Document Style `algorithmic'

(c:/texlive/2015/texmf-dist/tex/latex/base/ifthen.sty
Package: ifthen 2014/09/29 v1.1c Standard LaTeX ifthen package (DPC)
)
\c@ALC@unique=\count88
\c@ALC@line=\count89
\c@ALC@rem=\count90
\c@ALC@depth=\count91
\ALC@tlm=\skip43
\algorithmicindent=\skip44
)
(c:/texlive/2015/texmf-dist/tex/latex/tools/array.sty
Package: array 2014/10/28 v2.4c Tabular extension package (FMi)
\col@sep=\dimen105
\extrarowheight=\dimen106
\NC@list=\toks15
\extratabsurround=\skip45
\backup@length=\skip46
)
(c:/texlive/2015/texmf-dist/tex/latex/amsfonts/amsfonts.sty
Package: amsfonts 2013/01/14 v3.01 Basic AMSFonts support
\@emptytoks=\toks16
\symAMSa=\mathgroup4
\symAMSb=\mathgroup5
LaTeX Font Info:    Overwriting math alphabet `\mathfrak' in version `bold'
(Font)                  U/euf/m/n --> U/euf/b/n on input line 106.
)
(c:/texlive/2015/texmf-dist/tex/latex/tools/enumerate.sty
Package: enumerate 2015/07/23 v3.00 enumerate extensions (DPC)
\@enLab=\toks17
)
(c:/texlive/2015/texmf-dist/tex/latex/framed/framed.sty
Package: framed 2011/10/22 v 0.96: framed or shaded text with page breaks
\OuterFrameSep=\skip47
\fb@frw=\dimen107
\fb@frh=\dimen108
\FrameRule=\dimen109
\FrameSep=\dimen110
)
(c:/texlive/2015/texmf-dist/tex/latex/amsmath/amsmath.sty
Package: amsmath 2013/01/14 v2.14 AMS math features
\@mathmargin=\skip48

For additional information on amsmath, use the `?' option.
(c:/texlive/2015/texmf-dist/tex/latex/amsmath/amstext.sty
Package: amstext 2000/06/29 v2.01

(c:/texlive/2015/texmf-dist/tex/latex/amsmath/amsgen.sty
File: amsgen.sty 1999/11/30 v2.0
\@emptytoks=\toks18
\ex@=\dimen111
))
(c:/texlive/2015/texmf-dist/tex/latex/amsmath/amsbsy.sty
Package: amsbsy 1999/11/29 v1.2d
\pmbraise@=\dimen112
)
(c:/texlive/2015/texmf-dist/tex/latex/amsmath/amsopn.sty
Package: amsopn 1999/12/14 v2.01 operator names
)
\inf@bad=\count92
LaTeX Info: Redefining \frac on input line 210.
\uproot@=\count93
\leftroot@=\count94
LaTeX Info: Redefining \overline on input line 306.
\classnum@=\count95
\DOTSCASE@=\count96
LaTeX Info: Redefining \ldots on input line 378.
LaTeX Info: Redefining \dots on input line 381.
LaTeX Info: Redefining \cdots on input line 466.
\Mathstrutbox@=\box26
\strutbox@=\box27
\big@size=\dimen113
LaTeX Font Info:    Redeclaring font encoding OML on input line 566.
LaTeX Font Info:    Redeclaring font encoding OMS on input line 567.
\macc@depth=\count97
\c@MaxMatrixCols=\count98
\dotsspace@=\muskip10
\c@parentequation=\count99
\dspbrk@lvl=\count100
\tag@help=\toks19
\row@=\count101
\column@=\count102
\maxfields@=\count103
\andhelp@=\toks20
\eqnshift@=\dimen114
\alignsep@=\dimen115
\tagshift@=\dimen116
\tagwidth@=\dimen117
\totwidth@=\dimen118
\lineht@=\dimen119
\@envbody=\toks21
\multlinegap=\skip49
\multlinetaggap=\skip50
\mathdisplay@stack=\toks22
LaTeX Info: Redefining \[ on input line 2665.
LaTeX Info: Redefining \] on input line 2666.
)
(c:/texlive/2015/texmf-dist/tex/latex/amsfonts/amssymb.sty
Package: amssymb 2013/01/14 v3.01 AMS font symbols
)
(c:/texlive/2015/texmf-dist/tex/latex/mathtools/mathtools.sty
Package: mathtools 2015/11/12 v1.18 mathematical typesetting tools

(c:/texlive/2015/texmf-dist/tex/latex/tools/calc.sty
Package: calc 2014/10/28 v4.3 Infix arithmetic (KKT,FJ)
\calc@Acount=\count104
\calc@Bcount=\count105
\calc@Adimen=\dimen120
\calc@Bdimen=\dimen121
\calc@Askip=\skip51
\calc@Bskip=\skip52
LaTeX Info: Redefining \setlength on input line 80.
LaTeX Info: Redefining \addtolength on input line 81.
\calc@Ccount=\count106
\calc@Cskip=\skip53
)
(c:/texlive/2015/texmf-dist/tex/latex/mathtools/mhsetup.sty
Package: mhsetup 2010/01/21 v1.2a programming setup (MH)
)
LaTeX Info: Thecontrolsequence`\('isalreadyrobust on input line 129.
LaTeX Info: Thecontrolsequence`\)'isalreadyrobust on input line 129.
LaTeX Info: Thecontrolsequence`\['isalreadyrobust on input line 129.
LaTeX Info: Thecontrolsequence`\]'isalreadyrobust on input line 129.
\g_MT_multlinerow_int=\count107
\l_MT_multwidth_dim=\dimen122
\origjot=\skip54
\l_MT_shortvdotswithinadjustabove_dim=\dimen123
\l_MT_shortvdotswithinadjustbelow_dim=\dimen124
\l_MT_above_intertext_sep=\dimen125
\l_MT_below_intertext_sep=\dimen126
\l_MT_above_shortintertext_sep=\dimen127
\l_MT_below_shortintertext_sep=\dimen128
)
(c:/texlive/2015/texmf-dist/tex/latex/multirow/multirow.sty
\bigstrutjot=\dimen129
)
(c:/texlive/2015/texmf-dist/tex/latex/caption/caption.sty
Package: caption 2016/02/21 v3.3-144 Customizing captions (AR)

(c:/texlive/2015/texmf-dist/tex/latex/caption/caption3.sty
Package: caption3 2016/02/04 v1.7-139 caption3 kernel (AR)
Package caption3 Info: TeX engine: e-TeX on input line 67.
\captionmargin=\dimen130
\captionmargin@=\dimen131
\captionwidth=\dimen132
\caption@tempdima=\dimen133
\caption@indent=\dimen134
\caption@parindent=\dimen135
\caption@hangindent=\dimen136
)
\c@ContinuedFloat=\count108
)
(c:/texlive/2015/texmf-dist/tex/latex/caption/subcaption.sty
Package: subcaption 2016/02/20 v1.1-142 Sub-captions (AR)
\c@subfigure=\count109
\c@subtable=\count110
)
(c:/texlive/2015/texmf-dist/tex/latex/sttools/stfloats.sty
Package: stfloats 2016/02/08 v2.0 Improve float mechanism and baselineskip sett
ings
\@dblbotnum=\count111
\c@dblbotnumber=\count112
)
\c@theorem=\count113
\c@lemma=\count114
 (./ASPDAC.aux

LaTeX Warning: Label `fig:Flc80-delta' multiply defined.

)
\openout1 = `ASPDAC.aux'.

LaTeX Font Info:    Checking defaults for OML/cmm/m/it on input line 124.
LaTeX Font Info:    ... okay on input line 124.
LaTeX Font Info:    Checking defaults for T1/cmr/m/n on input line 124.
LaTeX Font Info:    ... okay on input line 124.
LaTeX Font Info:    Checking defaults for OT1/cmr/m/n on input line 124.
LaTeX Font Info:    ... okay on input line 124.
LaTeX Font Info:    Checking defaults for OMS/cmsy/m/n on input line 124.
LaTeX Font Info:    ... okay on input line 124.
LaTeX Font Info:    Checking defaults for OMX/cmex/m/n on input line 124.
LaTeX Font Info:    ... okay on input line 124.
LaTeX Font Info:    Checking defaults for U/cmr/m/n on input line 124.
LaTeX Font Info:    ... okay on input line 124.
 (c:/texlive/2015/texmf-dist/tex/context/base/supp-pdf.mkii
[Loading MPS to PDF converter (version 2006.09.02).]
\scratchcounter=\count115
\scratchdimen=\dimen137
\scratchbox=\box28
\nofMPsegments=\count116
\nofMParguments=\count117
\everyMPshowfont=\toks23
\MPscratchCnt=\count118
\MPscratchDim=\dimen138
\MPnumerator=\count119
\makeMPintoPDFobject=\count120
\everyMPtoPDFconversion=\toks24
) (c:/texlive/2015/texmf-dist/tex/generic/oberdiek/pdftexcmds.sty
Package: pdftexcmds 2011/11/29 v0.20 Utility functions of pdfTeX for LuaTeX (HO
)

(c:/texlive/2015/texmf-dist/tex/generic/oberdiek/ifluatex.sty
Package: ifluatex 2010/03/01 v1.3 Provides the ifluatex switch (HO)
Package ifluatex Info: LuaTeX not detected.
)
(c:/texlive/2015/texmf-dist/tex/generic/oberdiek/ifpdf.sty
Package: ifpdf 2011/01/30 v2.3 Provides the ifpdf switch (HO)
Package ifpdf Info: pdfTeX in PDF mode is detected.
)
Package pdftexcmds Info: LuaTeX not detected.
Package pdftexcmds Info: \pdf@primitive is available.
Package pdftexcmds Info: \pdf@ifprimitive is available.
Package pdftexcmds Info: \pdfdraftmode found.
)
(c:/texlive/2015/texmf-dist/tex/latex/oberdiek/epstopdf-base.sty
Package: epstopdf-base 2010/02/09 v2.5 Base part for package epstopdf

(c:/texlive/2015/texmf-dist/tex/latex/oberdiek/grfext.sty
Package: grfext 2010/08/19 v1.1 Manage graphics extensions (HO)

(c:/texlive/2015/texmf-dist/tex/generic/oberdiek/kvdefinekeys.sty
Package: kvdefinekeys 2011/04/07 v1.3 Define keys (HO)
))
(c:/texlive/2015/texmf-dist/tex/latex/oberdiek/kvoptions.sty
Package: kvoptions 2011/06/30 v3.11 Key value format for package options (HO)

(c:/texlive/2015/texmf-dist/tex/generic/oberdiek/kvsetkeys.sty
Package: kvsetkeys 2012/04/25 v1.16 Key value parser (HO)

(c:/texlive/2015/texmf-dist/tex/generic/oberdiek/etexcmds.sty
Package: etexcmds 2011/02/16 v1.5 Avoid name clashes with e-TeX commands (HO)
Package etexcmds Info: Could not find \expanded.
(etexcmds)             That can mean that you are not using pdfTeX 1.50 or
(etexcmds)             that some package has redefined \expanded.
(etexcmds)             In the latter case, load this package earlier.
)))
Package grfext Info: Graphics extension search list:
(grfext)             [.png,.pdf,.jpg,.mps,.jpeg,.jbig2,.jb2,.PNG,.PDF,.JPG,.JPE
G,.JBIG2,.JB2,.eps]
(grfext)             \AppendGraphicsExtensions on input line 452.

(c:/texlive/2015/texmf-dist/tex/latex/latexconfig/epstopdf-sys.cfg
File: epstopdf-sys.cfg 2010/07/13 v1.3 Configuration of (r)epstopdf for TeX Liv
e
))
Package caption Info: Begin \AtBeginDocument code.
Package caption Info: End \AtBeginDocument code.
LaTeX Font Info:    Try loading font information for U+msa on input line 144.

(c:/texlive/2015/texmf-dist/tex/latex/amsfonts/umsa.fd
File: umsa.fd 2013/01/14 v3.01 AMS symbols A
)
LaTeX Font Info:    Try loading font information for U+msb on input line 144.

(c:/texlive/2015/texmf-dist/tex/latex/amsfonts/umsb.fd
File: umsb.fd 2013/01/14 v3.01 AMS symbols B
)
LaTeX Font Info:    Try loading font information for OMS+cmr on input line 144.


(c:/texlive/2015/texmf-dist/tex/latex/base/omscmr.fd
File: omscmr.fd 2014/09/29 v2.5h Standard LaTeX font definitions
)
LaTeX Font Info:    Font shape `OMS/cmr/m/n' in size <12> not available
(Font)              Font shape `OMS/cmsy/m/n' tried instead on input line 144.
 (./abstract.tex)
(./introduction.tex) (./related_works3.tex
Underfull \vbox (badness 10000) has occurred while \output is active []

 [1{c:/texlive/2015/texmf-var/fonts/map/pdftex/updmap/pdftex.map}


]) (./system_model.tex
<./figures/system_model.pdf, id=11, 362.10281pt x 204.765pt>
File: ./figures/system_model.pdf Graphic file (type pdf)

<use ./figures/system_model.pdf>
Package pdftex.def Info: ./figures/system_model.pdf used on input line 28.
(pdftex.def)             Requested size: 174.27235pt x 98.54852pt.

Underfull \hbox (badness 1163) in paragraph at lines 33--41
\OT1/cmr/m/n/10 This con-stant fac-tor is ig-nored in all power/energy
 []


Underfull \hbox (badness 2547) in paragraph at lines 33--41
\OT1/cmr/m/n/10 com-pu-ta-tions in the re-main-ing pa-per. There-fore,
 []


Underfull \hbox (badness 10000) in paragraph at lines 33--41

 []


Underfull \hbox (badness 10000) in paragraph at lines 33--41

 []


Underfull \hbox (badness 10000) in paragraph at lines 33--41

 []


Underfull \hbox (badness 1917) in paragraph at lines 33--41
\OT1/cmr/m/n/10 mance penalty, due to its re-laxed de-sign mar-gins.
 []

[2 <./figures/system_model.pdf>]) (./theory.tex
Underfull \hbox (badness 1472) in paragraph at lines 1--25
[]\OT1/cmr/m/n/10 Since all tasks are atomic and have same dead-
 []

[3]
Underfull \hbox (badness 10000) in paragraph at lines 109--110
[]$\OML/cmm/m/it/10 E[] \OMS/cmsy/m/n/10 ^^T \OML/cmm/m/it/10 E[]$ \OT1/cmr/bx/
it/10 iff\OT1/cmr/m/it/10 : $\OT1/cmr/m/n/10 ^^A \OMS/cmsy/m/n/10 ^^T
 []

[4]
<./figures/flc_80_delta_makespan_theory.pdf, id=44, 418.66713pt x 314.00111pt>
File: ./figures/flc_80_delta_makespan_theory.pdf Graphic file (type pdf)

<use ./figures/flc_80_delta_makespan_theory.pdf>
Package pdftex.def Info: ./figures/flc_80_delta_makespan_theory.pdf used on inp
ut line 147.
(pdftex.def)             Requested size: 124.4808pt x 93.35779pt.

<./figures/flc_80_delta_makespan.pdf, id=45, 418.66713pt x 314.00111pt>
File: ./figures/flc_80_delta_makespan.pdf Graphic file (type pdf)

<use ./figures/flc_80_delta_makespan.pdf>
Package pdftex.def Info: ./figures/flc_80_delta_makespan.pdf used on input line
 153.
(pdftex.def)             Requested size: 124.4808pt x 93.35779pt.

<./figures/flc_80_delta_energy_theory.pdf, id=46, 418.66713pt x 314.00111pt>
File: ./figures/flc_80_delta_energy_theory.pdf Graphic file (type pdf)

<use ./figures/flc_80_delta_energy_theory.pdf>
Package pdftex.def Info: ./figures/flc_80_delta_energy_theory.pdf used on input
 line 159.
(pdftex.def)             Requested size: 124.4808pt x 93.35779pt.

<./figures/flc_80_delta_energy.pdf, id=47, 418.66713pt x 314.00111pt>
File: ./figures/flc_80_delta_energy.pdf Graphic file (type pdf)

<use ./figures/flc_80_delta_energy.pdf>
Package pdftex.def Info: ./figures/flc_80_delta_energy.pdf used on input line 1
65.
(pdftex.def)             Requested size: 124.4808pt x 93.35779pt.
) (./results.tex
<./figures/opt_DTM_LPBP.png, id=48, 1445.4pt x 581.92406pt>
File: ./figures/opt_DTM_LPBP.png Graphic file (type png)

<use ./figures/opt_DTM_LPBP.png>
Package pdftex.def Info: ./figures/opt_DTM_LPBP.png used on input line 64.
(pdftex.def)             Requested size: 248.96161pt x 100.23105pt.
 [5 <./figures/flc_80_delta_makespan_theory.pdf> <./figures/flc_80_delta_makesp
an.pdf> <./figures/flc_80_delta_energy_theory.pdf> <./figures/flc_80_delta_ener
gy.pdf>]
<./figures/flc_80_util_makespan.pdf, id=80, 418.66713pt x 314.00111pt>
File: ./figures/flc_80_util_makespan.pdf Graphic file (type pdf)

<use ./figures/flc_80_util_makespan.pdf>
Package pdftex.def Info: ./figures/flc_80_util_makespan.pdf used on input line 
120.
(pdftex.def)             Requested size: 119.5005pt x 89.6254pt.

<./figures/flc_80_util_energy.pdf, id=81, 418.66713pt x 314.00111pt>
File: ./figures/flc_80_util_energy.pdf Graphic file (type pdf)

<use ./figures/flc_80_util_energy.pdf>
Package pdftex.def Info: ./figures/flc_80_util_energy.pdf used on input line 12
6.
(pdftex.def)             Requested size: 119.5005pt x 89.6254pt.

<./figures/flow_makespan.pdf, id=82, 418.66713pt x 314.00111pt>
File: ./figures/flow_makespan.pdf Graphic file (type pdf)

<use ./figures/flow_makespan.pdf>
Package pdftex.def Info: ./figures/flow_makespan.pdf used on input line 159.
(pdftex.def)             Requested size: 124.4808pt x 93.35779pt.

<./figures/flow_energy.pdf, id=83, 418.66713pt x 314.00111pt>
File: ./figures/flow_energy.pdf Graphic file (type pdf)

<use ./figures/flow_energy.pdf>
Package pdftex.def Info: ./figures/flow_energy.pdf used on input line 165.
(pdftex.def)             Requested size: 124.4808pt x 93.35779pt.

<./figures/openshoe_makespan.pdf, id=84, 418.66713pt x 314.00111pt>
File: ./figures/openshoe_makespan.pdf Graphic file (type pdf)

<use ./figures/openshoe_makespan.pdf>
Package pdftex.def Info: ./figures/openshoe_makespan.pdf used on input line 171
.
(pdftex.def)             Requested size: 124.4808pt x 93.35779pt.

<./figures/openshoe_energy.pdf, id=85, 418.66713pt x 314.00111pt>
File: ./figures/openshoe_energy.pdf Graphic file (type pdf)

<use ./figures/openshoe_energy.pdf>
Package pdftex.def Info: ./figures/openshoe_energy.pdf used on input line 177.
(pdftex.def)             Requested size: 124.4808pt x 93.35779pt.
) (./conclusion.tex
Underfull \vbox (badness 10000) has occurred while \output is active []

 [6 <./figures/opt_DTM_LPBP.png (PNG copy)> <./figures/flc_80_util_makespan.pdf
> <./figures/flc_80_util_energy.pdf>]) (./ASPDAC.bbl
Underfull \hbox (badness 10000) in paragraph at lines 78--80
[]\OT1/cmr/m/n/10 Pix4flow web-site.  [ac-cessed 15-No-2015],
 []

) [7 <./figures/flow_makespan.pdf> <./figures/flow_energy.pdf> <./figures/opens
hoe_makespan.pdf> <./figures/openshoe_energy.pdf>] (./ASPDAC.aux)

LaTeX Warning: There were multiply-defined labels.

 ) 
Here is how much of TeX's memory you used:
 4618 strings out of 493033
 69444 string characters out of 6137755
 144770 words of memory out of 5000000
 8035 multiletter control sequences out of 15000+600000
 14395 words of font info for 54 fonts, out of 8000000 for 9000
 1141 hyphenation exceptions out of 8191
 38i,16n,39p,1617b,457s stack positions out of 5000i,500n,10000p,200000b,80000s
<c:/texlive/2015/texmf-dist/fonts/type1/public/amsfonts/cm/cmbx10.pfb><c:/tex
live/2015/texmf-dist/fonts/type1/public/amsfonts/cm/cmbx12.pfb><c:/texlive/2015
/texmf-dist/fonts/type1/public/amsfonts/cm/cmbx7.pfb><c:/texlive/2015/texmf-dis
t/fonts/type1/public/amsfonts/cm/cmbxti10.pfb><c:/texlive/2015/texmf-dist/fonts
/type1/public/amsfonts/cm/cmcsc10.pfb><c:/texlive/2015/texmf-dist/fonts/type1/p
ublic/amsfonts/cm/cmex10.pfb><c:/texlive/2015/texmf-dist/fonts/type1/public/ams
fonts/cm/cmmi10.pfb><c:/texlive/2015/texmf-dist/fonts/type1/public/amsfonts/cm/
cmmi6.pfb><c:/texlive/2015/texmf-dist/fonts/type1/public/amsfonts/cm/cmmi7.pfb>
<c:/texlive/2015/texmf-dist/fonts/type1/public/amsfonts/cm/cmmi8.pfb><c:/texliv
e/2015/texmf-dist/fonts/type1/public/amsfonts/cm/cmr10.pfb><c:/texlive/2015/tex
mf-dist/fonts/type1/public/amsfonts/cm/cmr12.pfb><c:/texlive/2015/texmf-dist/fo
nts/type1/public/amsfonts/cm/cmr5.pfb><c:/texlive/2015/texmf-dist/fonts/type1/p
ublic/amsfonts/cm/cmr7.pfb><c:/texlive/2015/texmf-dist/fonts/type1/public/amsfo
nts/cm/cmr8.pfb><c:/texlive/2015/texmf-dist/fonts/type1/public/amsfonts/cm/cmr9
.pfb><c:/texlive/2015/texmf-dist/fonts/type1/public/amsfonts/cm/cmsl10.pfb><c:/
texlive/2015/texmf-dist/fonts/type1/public/amsfonts/cm/cmsy10.pfb><c:/texlive/2
015/texmf-dist/fonts/type1/public/amsfonts/cm/cmsy7.pfb><c:/texlive/2015/texmf-
dist/fonts/type1/public/amsfonts/cm/cmti10.pfb><c:/texlive/2015/texmf-dist/font
s/type1/public/amsfonts/symbols/msam10.pfb>
Output written on ASPDAC.pdf (7 pages, 1775437 bytes).
PDF statistics:
 196 PDF objects out of 1000 (max. 8388607)
 108 compressed objects within 2 object streams
 0 named destinations out of 1000 (max. 500000)
 61 words of extra memory for PDF output out of 10000 (max. 10000000)

